2024-02-16T18:38:38.632+01:00  INFO 23684 --- [main] d.a.g.G27ShopProjectApplication          : Starting G27ShopProjectApplication using Java 17.0.10 with PID 23684 (C:\Users\Nutzer\Desktop\Git\Back\g_27_shop_project\target\classes started by Nutzer in C:\Users\Nutzer\Desktop\Git\Back\g_27_shop_project)
2024-02-16T18:38:38.638+01:00  INFO 23684 --- [main] d.a.g.G27ShopProjectApplication          : No active profile set, falling back to 1 default profile: "default"
2024-02-16T18:38:39.610+01:00  INFO 23684 --- [main] .s.d.r.c.RepositoryConfigurationDelegate : Bootstrapping Spring Data JPA repositories in DEFAULT mode.
2024-02-16T18:38:39.693+01:00  INFO 23684 --- [main] .s.d.r.c.RepositoryConfigurationDelegate : Finished Spring Data repository scanning in 70 ms. Found 3 JPA repository interfaces.
2024-02-16T18:38:40.519+01:00  INFO 23684 --- [main] o.s.b.w.embedded.tomcat.TomcatWebServer  : Tomcat initialized with port(s): 8080 (http)
2024-02-16T18:38:40.529+01:00  INFO 23684 --- [main] o.apache.catalina.core.StandardService   : Starting service [Tomcat]
2024-02-16T18:38:40.529+01:00  INFO 23684 --- [main] o.apache.catalina.core.StandardEngine    : Starting Servlet engine: [Apache Tomcat/10.1.15]
2024-02-16T18:38:40.632+01:00  INFO 23684 --- [main] o.a.c.c.C.[Tomcat].[localhost].[/]       : Initializing Spring embedded WebApplicationContext
2024-02-16T18:38:40.633+01:00  INFO 23684 --- [main] w.s.c.ServletWebServerApplicationContext : Root WebApplicationContext: initialization completed in 1942 ms
2024-02-16T18:38:40.822+01:00  INFO 23684 --- [main] o.hibernate.jpa.internal.util.LogHelper  : HHH000204: Processing PersistenceUnitInfo [name: default]
2024-02-16T18:38:40.893+01:00  INFO 23684 --- [main] org.hibernate.Version                    : HHH000412: Hibernate ORM core version 6.2.13.Final
2024-02-16T18:38:40.896+01:00  INFO 23684 --- [main] org.hibernate.cfg.Environment            : HHH000406: Using bytecode reflection optimizer
2024-02-16T18:38:41.216+01:00  INFO 23684 --- [main] o.s.o.j.p.SpringPersistenceUnitInfo      : No LoadTimeWeaver setup: ignoring JPA class transformer
2024-02-16T18:38:41.249+01:00  INFO 23684 --- [main] com.zaxxer.hikari.HikariDataSource       : HikariPool-1 - Starting...
2024-02-16T18:38:41.627+01:00  INFO 23684 --- [main] com.zaxxer.hikari.pool.HikariPool        : HikariPool-1 - Added connection com.mysql.cj.jdbc.ConnectionImpl@191f4d65
2024-02-16T18:38:41.629+01:00  INFO 23684 --- [main] com.zaxxer.hikari.HikariDataSource       : HikariPool-1 - Start completed.
2024-02-16T18:38:42.484+01:00  INFO 23684 --- [main] o.h.m.i.EntityInstantiatorPojoStandard   : HHH000182: No default (no-argument) constructor for class: de.aittr.g_27_shop_project.domain.jpa.JpaCustomer (class must be instantiated by Interceptor)
2024-02-16T18:38:42.528+01:00  INFO 23684 --- [main] d.a.g.domain.jpa.JpaProduct              : Вызван конструктор JpaProduct по умолчанию
2024-02-16T18:38:42.668+01:00  INFO 23684 --- [main] o.h.e.t.j.p.i.JtaPlatformInitiator       : HHH000489: No JTA platform available (set 'hibernate.transaction.jta.platform' to enable JTA platform integration)
2024-02-16T18:38:42.671+01:00  INFO 23684 --- [main] j.LocalContainerEntityManagerFactoryBean : Initialized JPA EntityManagerFactory for persistence unit 'default'
2024-02-16T18:38:43.179+01:00  INFO 23684 --- [main] o.s.d.j.r.query.QueryEnhancerFactory     : Hibernate is in classpath; If applicable, HQL parser will be used.
2024-02-16T18:38:43.228+01:00  WARN 23684 --- [main] JpaBaseConfiguration$JpaWebConfiguration : spring.jpa.open-in-view is enabled by default. Therefore, database queries may be performed during view rendering. Explicitly configure spring.jpa.open-in-view to disable this warning
2024-02-16T18:38:43.590+01:00  INFO 23684 --- [main] o.s.b.w.embedded.tomcat.TomcatWebServer  : Tomcat started on port(s): 8080 (http) with context path ''
2024-02-16T18:38:43.599+01:00  INFO 23684 --- [main] d.a.g.G27ShopProjectApplication          : Started G27ShopProjectApplication in 5.406 seconds (process running for 6.27)
2024-02-16T18:38:45.012+01:00  INFO 23684 --- [scheduling-1] d.a.g.l.JpaProductServiceLoggingAspect   : Метод getLastAddedProduct вызван с аргументами: []
2024-02-16T18:38:45.093+01:00  INFO 23684 --- [scheduling-1] d.a.g.domain.jpa.JpaProduct              : Вызван конструктор JpaProduct по умолчанию
2024-02-16T18:38:45.095+01:00  INFO 23684 --- [scheduling-1] d.a.g.domain.jpa.JpaProduct              : Метод getId вызван
2024-02-16T18:38:45.095+01:00  INFO 23684 --- [scheduling-1] d.a.g.domain.jpa.JpaProduct              : Метод getName вызван
2024-02-16T18:38:45.095+01:00  INFO 23684 --- [scheduling-1] d.a.g.domain.jpa.JpaProduct              : Метод getPrice вызван
2024-02-16T18:38:45.096+01:00  INFO 23684 --- [scheduling-1] d.a.g.l.JpaProductServiceLoggingAspect   : Метод getLastAddedProduct успешно вернул результат: ProductDto{id=10, name='Cherry', price=199.0}
2024-02-16T18:38:45.097+01:00  INFO 23684 --- [scheduling-1] d.a.g.l.JpaProductServiceLoggingAspect   : Метод getLastAddedProduct завершил работу
2024-02-16T18:38:45.097+01:00  INFO 23684 --- [scheduling-1] d.a.g.services.jpa.TaskService           : Последний добавленный в БД продукт - Cherry
2024-02-16T18:38:45.141+01:00  INFO 23684 --- [scheduling-1] d.a.g.scheduling.ScheduleExecutor        : Последний добавленный в БД продукт - Cherry
2024-02-16T18:39:15.001+01:00  INFO 23684 --- [scheduling-1] d.a.g.l.JpaProductServiceLoggingAspect   : Метод getLastAddedProduct вызван с аргументами: []
2024-02-16T18:39:15.009+01:00  INFO 23684 --- [scheduling-1] d.a.g.domain.jpa.JpaProduct              : Вызван конструктор JpaProduct по умолчанию
2024-02-16T18:39:15.010+01:00  INFO 23684 --- [scheduling-1] d.a.g.domain.jpa.JpaProduct              : Метод getId вызван
2024-02-16T18:39:15.010+01:00  INFO 23684 --- [scheduling-1] d.a.g.domain.jpa.JpaProduct              : Метод getName вызван
2024-02-16T18:39:15.010+01:00  INFO 23684 --- [scheduling-1] d.a.g.domain.jpa.JpaProduct              : Метод getPrice вызван
2024-02-16T18:39:15.010+01:00  INFO 23684 --- [scheduling-1] d.a.g.l.JpaProductServiceLoggingAspect   : Метод getLastAddedProduct успешно вернул результат: ProductDto{id=10, name='Cherry', price=199.0}
2024-02-16T18:39:15.011+01:00  INFO 23684 --- [scheduling-1] d.a.g.l.JpaProductServiceLoggingAspect   : Метод getLastAddedProduct завершил работу
2024-02-16T18:39:15.011+01:00  INFO 23684 --- [scheduling-1] d.a.g.services.jpa.TaskService           : Последний добавленный в БД продукт - Cherry
2024-02-16T18:39:15.020+01:00  INFO 23684 --- [scheduling-1] d.a.g.scheduling.ScheduleExecutor        : Последний добавленный в БД продукт - Cherry
2024-02-16T18:39:37.440+01:00  INFO 23684 --- [http-nio-8080-exec-1] o.a.c.c.C.[Tomcat].[localhost].[/]       : Initializing Spring DispatcherServlet 'dispatcherServlet'
2024-02-16T18:39:37.440+01:00  INFO 23684 --- [http-nio-8080-exec-1] o.s.web.servlet.DispatcherServlet        : Initializing Servlet 'dispatcherServlet'
2024-02-16T18:39:37.441+01:00  INFO 23684 --- [http-nio-8080-exec-1] o.s.web.servlet.DispatcherServlet        : Completed initialization in 1 ms
2024-02-16T18:39:37.482+01:00  INFO 23684 --- [http-nio-8080-exec-1] d.a.g.logging.AspectLogging              : Вызван метод getAllActiveProducts
2024-02-16T18:39:37.482+01:00  INFO 23684 --- [http-nio-8080-exec-1] d.a.g.l.JpaProductServiceLoggingAspect   : Метод getAllActiveProducts вызван с аргументами: []
2024-02-16T18:39:37.493+01:00  INFO 23684 --- [http-nio-8080-exec-1] d.a.g.domain.jpa.JpaProduct              : Вызван конструктор JpaProduct по умолчанию
2024-02-16T18:39:37.496+01:00  INFO 23684 --- [http-nio-8080-exec-1] d.a.g.domain.jpa.JpaProduct              : Вызван конструктор JpaProduct по умолчанию
2024-02-16T18:39:37.497+01:00  INFO 23684 --- [http-nio-8080-exec-1] d.a.g.domain.jpa.JpaProduct              : Вызван конструктор JpaProduct по умолчанию
2024-02-16T18:39:37.497+01:00  INFO 23684 --- [http-nio-8080-exec-1] d.a.g.domain.jpa.JpaProduct              : Вызван конструктор JpaProduct по умолчанию
2024-02-16T18:39:37.497+01:00  INFO 23684 --- [http-nio-8080-exec-1] d.a.g.domain.jpa.JpaProduct              : Вызван конструктор JpaProduct по умолчанию
2024-02-16T18:39:37.498+01:00  INFO 23684 --- [http-nio-8080-exec-1] d.a.g.domain.jpa.JpaProduct              : Вызван конструктор JpaProduct по умолчанию
2024-02-16T18:39:37.498+01:00  INFO 23684 --- [http-nio-8080-exec-1] d.a.g.domain.jpa.JpaProduct              : Вызван конструктор JpaProduct по умолчанию
2024-02-16T18:39:37.498+01:00  INFO 23684 --- [http-nio-8080-exec-1] d.a.g.domain.jpa.JpaProduct              : Вызван конструктор JpaProduct по умолчанию
2024-02-16T18:39:37.498+01:00  INFO 23684 --- [http-nio-8080-exec-1] d.a.g.domain.jpa.JpaProduct              : Вызван конструктор JpaProduct по умолчанию
2024-02-16T18:39:37.501+01:00  INFO 23684 --- [http-nio-8080-exec-1] d.a.g.domain.jpa.JpaProduct              : Метод isActive вызван
2024-02-16T18:39:37.502+01:00  INFO 23684 --- [http-nio-8080-exec-1] d.a.g.domain.jpa.JpaProduct              : Метод getId вызван
2024-02-16T18:39:37.502+01:00  INFO 23684 --- [http-nio-8080-exec-1] d.a.g.domain.jpa.JpaProduct              : Метод getName вызван
2024-02-16T18:39:37.502+01:00  INFO 23684 --- [http-nio-8080-exec-1] d.a.g.domain.jpa.JpaProduct              : Метод getPrice вызван
2024-02-16T18:39:37.502+01:00  INFO 23684 --- [http-nio-8080-exec-1] d.a.g.domain.jpa.JpaProduct              : Метод isActive вызван
2024-02-16T18:39:37.502+01:00  INFO 23684 --- [http-nio-8080-exec-1] d.a.g.domain.jpa.JpaProduct              : Метод getId вызван
2024-02-16T18:39:37.502+01:00  INFO 23684 --- [http-nio-8080-exec-1] d.a.g.domain.jpa.JpaProduct              : Метод getName вызван
2024-02-16T18:39:37.502+01:00  INFO 23684 --- [http-nio-8080-exec-1] d.a.g.domain.jpa.JpaProduct              : Метод getPrice вызван
2024-02-16T18:39:37.502+01:00  INFO 23684 --- [http-nio-8080-exec-1] d.a.g.domain.jpa.JpaProduct              : Метод isActive вызван
2024-02-16T18:39:37.502+01:00  INFO 23684 --- [http-nio-8080-exec-1] d.a.g.domain.jpa.JpaProduct              : Метод isActive вызван
2024-02-16T18:39:37.503+01:00  INFO 23684 --- [http-nio-8080-exec-1] d.a.g.domain.jpa.JpaProduct              : Метод getId вызван
2024-02-16T18:39:37.503+01:00  INFO 23684 --- [http-nio-8080-exec-1] d.a.g.domain.jpa.JpaProduct              : Метод getName вызван
2024-02-16T18:39:37.503+01:00  INFO 23684 --- [http-nio-8080-exec-1] d.a.g.domain.jpa.JpaProduct              : Метод getPrice вызван
2024-02-16T18:39:37.503+01:00  INFO 23684 --- [http-nio-8080-exec-1] d.a.g.domain.jpa.JpaProduct              : Метод isActive вызван
2024-02-16T18:39:37.503+01:00  INFO 23684 --- [http-nio-8080-exec-1] d.a.g.domain.jpa.JpaProduct              : Метод getId вызван
2024-02-16T18:39:37.503+01:00  INFO 23684 --- [http-nio-8080-exec-1] d.a.g.domain.jpa.JpaProduct              : Метод getName вызван
2024-02-16T18:39:37.503+01:00  INFO 23684 --- [http-nio-8080-exec-1] d.a.g.domain.jpa.JpaProduct              : Метод getPrice вызван
2024-02-16T18:39:37.503+01:00  INFO 23684 --- [http-nio-8080-exec-1] d.a.g.domain.jpa.JpaProduct              : Метод isActive вызван
2024-02-16T18:39:37.503+01:00  INFO 23684 --- [http-nio-8080-exec-1] d.a.g.domain.jpa.JpaProduct              : Метод getId вызван
2024-02-16T18:39:37.503+01:00  INFO 23684 --- [http-nio-8080-exec-1] d.a.g.domain.jpa.JpaProduct              : Метод getName вызван
2024-02-16T18:39:37.503+01:00  INFO 23684 --- [http-nio-8080-exec-1] d.a.g.domain.jpa.JpaProduct              : Метод getPrice вызван
2024-02-16T18:39:37.503+01:00  INFO 23684 --- [http-nio-8080-exec-1] d.a.g.domain.jpa.JpaProduct              : Метод isActive вызван
2024-02-16T18:39:37.503+01:00  INFO 23684 --- [http-nio-8080-exec-1] d.a.g.domain.jpa.JpaProduct              : Метод getId вызван
2024-02-16T18:39:37.503+01:00  INFO 23684 --- [http-nio-8080-exec-1] d.a.g.domain.jpa.JpaProduct              : Метод getName вызван
2024-02-16T18:39:37.504+01:00  INFO 23684 --- [http-nio-8080-exec-1] d.a.g.domain.jpa.JpaProduct              : Метод getPrice вызван
2024-02-16T18:39:37.504+01:00  INFO 23684 --- [http-nio-8080-exec-1] d.a.g.domain.jpa.JpaProduct              : Метод isActive вызван
2024-02-16T18:39:37.504+01:00  INFO 23684 --- [http-nio-8080-exec-1] d.a.g.domain.jpa.JpaProduct              : Метод getId вызван
2024-02-16T18:39:37.504+01:00  INFO 23684 --- [http-nio-8080-exec-1] d.a.g.domain.jpa.JpaProduct              : Метод getName вызван
2024-02-16T18:39:37.504+01:00  INFO 23684 --- [http-nio-8080-exec-1] d.a.g.domain.jpa.JpaProduct              : Метод getPrice вызван
2024-02-16T18:39:37.504+01:00  INFO 23684 --- [http-nio-8080-exec-1] d.a.g.domain.jpa.JpaProduct              : Метод isActive вызван
2024-02-16T18:39:37.504+01:00  INFO 23684 --- [http-nio-8080-exec-1] d.a.g.domain.jpa.JpaProduct              : Метод getId вызван
2024-02-16T18:39:37.504+01:00  INFO 23684 --- [http-nio-8080-exec-1] d.a.g.domain.jpa.JpaProduct              : Метод getName вызван
2024-02-16T18:39:37.504+01:00  INFO 23684 --- [http-nio-8080-exec-1] d.a.g.domain.jpa.JpaProduct              : Метод getPrice вызван
2024-02-16T18:39:37.505+01:00  INFO 23684 --- [http-nio-8080-exec-1] d.a.g.l.JpaProductServiceLoggingAspect   : Метод getAllActiveProducts успешно вернул результат: [ProductDto{id=1, name='Banana', price=120.0}, ProductDto{id=2, name='Apple', price=90.0}, ProductDto{id=4, name='Lemon', price=175.0}, ProductDto{id=5, name='Carrot', price=60.0}, ProductDto{id=6, name='Coconut', price=300.0}, ProductDto{id=8, name='Peach', price=150.0}, ProductDto{id=9, name='Potato', price=120.0}, ProductDto{id=10, name='Cherry', price=199.0}]
2024-02-16T18:39:37.505+01:00  INFO 23684 --- [http-nio-8080-exec-1] d.a.g.l.JpaProductServiceLoggingAspect   : Метод getAllActiveProducts завершил работу
2024-02-16T18:39:45.001+01:00  INFO 23684 --- [scheduling-1] d.a.g.l.JpaProductServiceLoggingAspect   : Метод getLastAddedProduct вызван с аргументами: []
2024-02-16T18:39:45.005+01:00  INFO 23684 --- [scheduling-1] d.a.g.domain.jpa.JpaProduct              : Вызван конструктор JpaProduct по умолчанию
2024-02-16T18:39:45.005+01:00  INFO 23684 --- [scheduling-1] d.a.g.domain.jpa.JpaProduct              : Метод getId вызван
2024-02-16T18:39:45.005+01:00  INFO 23684 --- [scheduling-1] d.a.g.domain.jpa.JpaProduct              : Метод getName вызван
2024-02-16T18:39:45.005+01:00  INFO 23684 --- [scheduling-1] d.a.g.domain.jpa.JpaProduct              : Метод getPrice вызван
2024-02-16T18:39:45.005+01:00  INFO 23684 --- [scheduling-1] d.a.g.l.JpaProductServiceLoggingAspect   : Метод getLastAddedProduct успешно вернул результат: ProductDto{id=10, name='Cherry', price=199.0}
2024-02-16T18:39:45.006+01:00  INFO 23684 --- [scheduling-1] d.a.g.l.JpaProductServiceLoggingAspect   : Метод getLastAddedProduct завершил работу
2024-02-16T18:39:45.006+01:00  INFO 23684 --- [scheduling-1] d.a.g.services.jpa.TaskService           : Последний добавленный в БД продукт - Cherry
2024-02-16T18:39:45.012+01:00  INFO 23684 --- [scheduling-1] d.a.g.scheduling.ScheduleExecutor        : Последний добавленный в БД продукт - Cherry
2024-02-16T18:40:15.004+01:00  INFO 23684 --- [scheduling-1] d.a.g.l.JpaProductServiceLoggingAspect   : Метод getLastAddedProduct вызван с аргументами: []
2024-02-16T18:40:15.007+01:00  INFO 23684 --- [scheduling-1] d.a.g.domain.jpa.JpaProduct              : Вызван конструктор JpaProduct по умолчанию
2024-02-16T18:40:15.007+01:00  INFO 23684 --- [scheduling-1] d.a.g.domain.jpa.JpaProduct              : Метод getId вызван
2024-02-16T18:40:15.007+01:00  INFO 23684 --- [scheduling-1] d.a.g.domain.jpa.JpaProduct              : Метод getName вызван
2024-02-16T18:40:15.007+01:00  INFO 23684 --- [scheduling-1] d.a.g.domain.jpa.JpaProduct              : Метод getPrice вызван
2024-02-16T18:40:15.007+01:00  INFO 23684 --- [scheduling-1] d.a.g.l.JpaProductServiceLoggingAspect   : Метод getLastAddedProduct успешно вернул результат: ProductDto{id=10, name='Cherry', price=199.0}
2024-02-16T18:40:15.007+01:00  INFO 23684 --- [scheduling-1] d.a.g.l.JpaProductServiceLoggingAspect   : Метод getLastAddedProduct завершил работу
2024-02-16T18:40:15.007+01:00  INFO 23684 --- [scheduling-1] d.a.g.services.jpa.TaskService           : Последний добавленный в БД продукт - Cherry
2024-02-16T18:40:15.013+01:00  INFO 23684 --- [scheduling-1] d.a.g.scheduling.ScheduleExecutor        : Последний добавленный в БД продукт - Cherry
2024-02-16T18:40:45.011+01:00  INFO 23684 --- [scheduling-1] d.a.g.l.JpaProductServiceLoggingAspect   : Метод getLastAddedProduct вызван с аргументами: []
2024-02-16T18:40:45.013+01:00  INFO 23684 --- [scheduling-1] d.a.g.domain.jpa.JpaProduct              : Вызван конструктор JpaProduct по умолчанию
2024-02-16T18:40:45.013+01:00  INFO 23684 --- [scheduling-1] d.a.g.domain.jpa.JpaProduct              : Метод getId вызван
2024-02-16T18:40:45.013+01:00  INFO 23684 --- [scheduling-1] d.a.g.domain.jpa.JpaProduct              : Метод getName вызван
2024-02-16T18:40:45.013+01:00  INFO 23684 --- [scheduling-1] d.a.g.domain.jpa.JpaProduct              : Метод getPrice вызван
2024-02-16T18:40:45.014+01:00  INFO 23684 --- [scheduling-1] d.a.g.l.JpaProductServiceLoggingAspect   : Метод getLastAddedProduct успешно вернул результат: ProductDto{id=10, name='Cherry', price=199.0}
2024-02-16T18:40:45.014+01:00  INFO 23684 --- [scheduling-1] d.a.g.l.JpaProductServiceLoggingAspect   : Метод getLastAddedProduct завершил работу
2024-02-16T18:40:45.014+01:00  INFO 23684 --- [scheduling-1] d.a.g.services.jpa.TaskService           : Последний добавленный в БД продукт - Cherry
2024-02-16T18:40:45.022+01:00  INFO 23684 --- [scheduling-1] d.a.g.scheduling.ScheduleExecutor        : Последний добавленный в БД продукт - Cherry
2024-02-16T18:41:15.012+01:00  INFO 23684 --- [scheduling-1] d.a.g.l.JpaProductServiceLoggingAspect   : Метод getLastAddedProduct вызван с аргументами: []
2024-02-16T18:41:15.016+01:00  INFO 23684 --- [scheduling-1] d.a.g.domain.jpa.JpaProduct              : Вызван конструктор JpaProduct по умолчанию
2024-02-16T18:41:15.016+01:00  INFO 23684 --- [scheduling-1] d.a.g.domain.jpa.JpaProduct              : Метод getId вызван
2024-02-16T18:41:15.016+01:00  INFO 23684 --- [scheduling-1] d.a.g.domain.jpa.JpaProduct              : Метод getName вызван
2024-02-16T18:41:15.016+01:00  INFO 23684 --- [scheduling-1] d.a.g.domain.jpa.JpaProduct              : Метод getPrice вызван
2024-02-16T18:41:15.016+01:00  INFO 23684 --- [scheduling-1] d.a.g.l.JpaProductServiceLoggingAspect   : Метод getLastAddedProduct успешно вернул результат: ProductDto{id=10, name='Cherry', price=199.0}
2024-02-16T18:41:15.016+01:00  INFO 23684 --- [scheduling-1] d.a.g.l.JpaProductServiceLoggingAspect   : Метод getLastAddedProduct завершил работу
2024-02-16T18:41:15.016+01:00  INFO 23684 --- [scheduling-1] d.a.g.services.jpa.TaskService           : Последний добавленный в БД продукт - Cherry
2024-02-16T18:41:15.023+01:00  INFO 23684 --- [scheduling-1] d.a.g.scheduling.ScheduleExecutor        : Последний добавленный в БД продукт - Cherry
2024-02-16T18:41:45.012+01:00  INFO 23684 --- [scheduling-1] d.a.g.l.JpaProductServiceLoggingAspect   : Метод getLastAddedProduct вызван с аргументами: []
2024-02-16T18:41:45.015+01:00  INFO 23684 --- [scheduling-1] d.a.g.domain.jpa.JpaProduct              : Вызван конструктор JpaProduct по умолчанию
2024-02-16T18:41:45.015+01:00  INFO 23684 --- [scheduling-1] d.a.g.domain.jpa.JpaProduct              : Метод getId вызван
2024-02-16T18:41:45.015+01:00  INFO 23684 --- [scheduling-1] d.a.g.domain.jpa.JpaProduct              : Метод getName вызван
2024-02-16T18:41:45.015+01:00  INFO 23684 --- [scheduling-1] d.a.g.domain.jpa.JpaProduct              : Метод getPrice вызван
2024-02-16T18:41:45.015+01:00  INFO 23684 --- [scheduling-1] d.a.g.l.JpaProductServiceLoggingAspect   : Метод getLastAddedProduct успешно вернул результат: ProductDto{id=10, name='Cherry', price=199.0}
2024-02-16T18:41:45.015+01:00  INFO 23684 --- [scheduling-1] d.a.g.l.JpaProductServiceLoggingAspect   : Метод getLastAddedProduct завершил работу
2024-02-16T18:41:45.016+01:00  INFO 23684 --- [scheduling-1] d.a.g.services.jpa.TaskService           : Последний добавленный в БД продукт - Cherry
2024-02-16T18:41:45.021+01:00  INFO 23684 --- [scheduling-1] d.a.g.scheduling.ScheduleExecutor        : Последний добавленный в БД продукт - Cherry
2024-02-16T18:42:15.014+01:00  INFO 23684 --- [scheduling-1] d.a.g.l.JpaProductServiceLoggingAspect   : Метод getLastAddedProduct вызван с аргументами: []
2024-02-16T18:42:15.017+01:00  INFO 23684 --- [scheduling-1] d.a.g.domain.jpa.JpaProduct              : Вызван конструктор JpaProduct по умолчанию
2024-02-16T18:42:15.017+01:00  INFO 23684 --- [scheduling-1] d.a.g.domain.jpa.JpaProduct              : Метод getId вызван
2024-02-16T18:42:15.017+01:00  INFO 23684 --- [scheduling-1] d.a.g.domain.jpa.JpaProduct              : Метод getName вызван
2024-02-16T18:42:15.017+01:00  INFO 23684 --- [scheduling-1] d.a.g.domain.jpa.JpaProduct              : Метод getPrice вызван
2024-02-16T18:42:15.017+01:00  INFO 23684 --- [scheduling-1] d.a.g.l.JpaProductServiceLoggingAspect   : Метод getLastAddedProduct успешно вернул результат: ProductDto{id=10, name='Cherry', price=199.0}
2024-02-16T18:42:15.017+01:00  INFO 23684 --- [scheduling-1] d.a.g.l.JpaProductServiceLoggingAspect   : Метод getLastAddedProduct завершил работу
2024-02-16T18:42:15.018+01:00  INFO 23684 --- [scheduling-1] d.a.g.services.jpa.TaskService           : Последний добавленный в БД продукт - Cherry
2024-02-16T18:42:15.024+01:00  INFO 23684 --- [scheduling-1] d.a.g.scheduling.ScheduleExecutor        : Последний добавленный в БД продукт - Cherry
2024-02-16T18:42:45.001+01:00  INFO 23684 --- [scheduling-1] d.a.g.l.JpaProductServiceLoggingAspect   : Метод getLastAddedProduct вызван с аргументами: []
2024-02-16T18:42:45.004+01:00  INFO 23684 --- [scheduling-1] d.a.g.domain.jpa.JpaProduct              : Вызван конструктор JpaProduct по умолчанию
2024-02-16T18:42:45.004+01:00  INFO 23684 --- [scheduling-1] d.a.g.domain.jpa.JpaProduct              : Метод getId вызван
2024-02-16T18:42:45.004+01:00  INFO 23684 --- [scheduling-1] d.a.g.domain.jpa.JpaProduct              : Метод getName вызван
2024-02-16T18:42:45.004+01:00  INFO 23684 --- [scheduling-1] d.a.g.domain.jpa.JpaProduct              : Метод getPrice вызван
2024-02-16T18:42:45.005+01:00  INFO 23684 --- [scheduling-1] d.a.g.l.JpaProductServiceLoggingAspect   : Метод getLastAddedProduct успешно вернул результат: ProductDto{id=10, name='Cherry', price=199.0}
2024-02-16T18:42:45.005+01:00  INFO 23684 --- [scheduling-1] d.a.g.l.JpaProductServiceLoggingAspect   : Метод getLastAddedProduct завершил работу
2024-02-16T18:42:45.005+01:00  INFO 23684 --- [scheduling-1] d.a.g.services.jpa.TaskService           : Последний добавленный в БД продукт - Cherry
2024-02-16T18:42:45.011+01:00  INFO 23684 --- [scheduling-1] d.a.g.scheduling.ScheduleExecutor        : Последний добавленный в БД продукт - Cherry
2024-02-16T18:43:15.003+01:00  INFO 23684 --- [scheduling-1] d.a.g.l.JpaProductServiceLoggingAspect   : Метод getLastAddedProduct вызван с аргументами: []
2024-02-16T18:43:15.005+01:00  INFO 23684 --- [scheduling-1] d.a.g.domain.jpa.JpaProduct              : Вызван конструктор JpaProduct по умолчанию
2024-02-16T18:43:15.005+01:00  INFO 23684 --- [scheduling-1] d.a.g.domain.jpa.JpaProduct              : Метод getId вызван
2024-02-16T18:43:15.005+01:00  INFO 23684 --- [scheduling-1] d.a.g.domain.jpa.JpaProduct              : Метод getName вызван
2024-02-16T18:43:15.005+01:00  INFO 23684 --- [scheduling-1] d.a.g.domain.jpa.JpaProduct              : Метод getPrice вызван
2024-02-16T18:43:15.006+01:00  INFO 23684 --- [scheduling-1] d.a.g.l.JpaProductServiceLoggingAspect   : Метод getLastAddedProduct успешно вернул результат: ProductDto{id=10, name='Cherry', price=199.0}
2024-02-16T18:43:15.006+01:00  INFO 23684 --- [scheduling-1] d.a.g.l.JpaProductServiceLoggingAspect   : Метод getLastAddedProduct завершил работу
2024-02-16T18:43:15.006+01:00  INFO 23684 --- [scheduling-1] d.a.g.services.jpa.TaskService           : Последний добавленный в БД продукт - Cherry
2024-02-16T18:43:15.014+01:00  INFO 23684 --- [scheduling-1] d.a.g.scheduling.ScheduleExecutor        : Последний добавленный в БД продукт - Cherry
2024-02-16T18:43:39.458+01:00  INFO 23684 --- [SpringApplicationShutdownHook] j.LocalContainerEntityManagerFactoryBean : Closing JPA EntityManagerFactory for persistence unit 'default'
2024-02-16T18:43:39.460+01:00  INFO 23684 --- [SpringApplicationShutdownHook] com.zaxxer.hikari.HikariDataSource       : HikariPool-1 - Shutdown initiated...
2024-02-16T18:43:39.468+01:00  INFO 23684 --- [SpringApplicationShutdownHook] com.zaxxer.hikari.HikariDataSource       : HikariPool-1 - Shutdown completed.
